test-my-sample-projct.xml
